2018-07-04 08:49:28.3007|Microsoft.AspNetCore.DataProtection.KeyManagement.XmlKeyManager|INFO|User profile is available. Using 'C:\Users\Administrator\AppData\Local\ASP.NET\DataProtection-Keys' as key repository and Windows DPAPI to encrypt keys at rest. 
2018-07-04 08:49:29.1938|Microsoft.AspNetCore.Hosting.Internal.WebHost|INFO|Request starting HTTP/1.1 GET http://localhost:2548/api/values   
2018-07-04 08:49:29.2278|Microsoft.AspNetCore.Hosting.Internal.WebHost|INFO|Request starting HTTP/1.1 GET http://localhost:2548/api/values   
2018-07-04 08:49:29.3568||INFO|IP:127.0.0.1 访问:/api/values 
2018-07-04 08:49:29.3718|Microsoft.AspNetCore.Mvc.Internal.ControllerActionInvoker|INFO|Executing action method WebDemo.Controllers.ValuesController.Get (WebDemo) with arguments ((null)) - ModelState is Valid 
2018-07-04 08:49:29.3718|Microsoft.AspNetCore.Mvc.Internal.ControllerActionInvoker|INFO|Executing action method WebDemo.Controllers.ValuesController.Get (WebDemo) with arguments ((null)) - ModelState is Valid 
2018-07-04 08:49:29.3878|Microsoft.AspNetCore.Mvc.Internal.ObjectResultExecutor|INFO|Executing ObjectResult, writing value Microsoft.AspNetCore.Mvc.ControllerContext. 
2018-07-04 08:49:29.3878|Microsoft.AspNetCore.Mvc.Internal.ObjectResultExecutor|INFO|Executing ObjectResult, writing value Microsoft.AspNetCore.Mvc.ControllerContext. 
2018-07-04 08:49:29.4598|Microsoft.AspNetCore.Mvc.Internal.ControllerActionInvoker|INFO|Executed action WebDemo.Controllers.ValuesController.Get (WebDemo) in 110.2272ms 
2018-07-04 08:49:29.4598|Microsoft.AspNetCore.Mvc.Internal.ControllerActionInvoker|INFO|Executed action WebDemo.Controllers.ValuesController.Get (WebDemo) in 110.2272ms 
2018-07-04 08:49:29.4708|Microsoft.AspNetCore.Hosting.Internal.WebHost|INFO|Request finished in 295.1505ms 200 application/json; charset=utf-8 
2018-07-04 08:49:29.4708|Microsoft.AspNetCore.Hosting.Internal.WebHost|INFO|Request finished in 295.1505ms 200 application/json; charset=utf-8 
2018-07-04 09:09:21.6750|Microsoft.AspNetCore.DataProtection.KeyManagement.XmlKeyManager|INFO|User profile is available. Using 'C:\Users\Administrator\AppData\Local\ASP.NET\DataProtection-Keys' as key repository and Windows DPAPI to encrypt keys at rest. 
2018-07-04 09:09:22.4190|Microsoft.AspNetCore.Hosting.Internal.WebHost|FATAL|Application startup exception Unable to resolve service for type 'Swashbuckle.AspNetCore.Swagger.ISwaggerProvider' while attempting to activate 'Swashbuckle.AspNetCore.Swagger.SwaggerMiddleware'.
2018-07-04 09:09:22.4620|Microsoft.AspNetCore.Hosting.Internal.WebHost|FATAL|Application startup exception Unable to resolve service for type 'Swashbuckle.AspNetCore.Swagger.ISwaggerProvider' while attempting to activate 'Swashbuckle.AspNetCore.Swagger.SwaggerMiddleware'.
2018-07-04 09:09:22.7300|Microsoft.AspNetCore.Hosting.Internal.WebHost|INFO|Request starting HTTP/1.1 GET http://localhost:2548/api/values   
2018-07-04 09:09:22.7300|Microsoft.AspNetCore.Hosting.Internal.WebHost|INFO|Request starting HTTP/1.1 DEBUG http://localhost:2548/  0 
2018-07-04 09:09:22.7761|Microsoft.AspNetCore.Hosting.Internal.WebHost|INFO|Request starting HTTP/1.1 GET http://localhost:2548/api/values   
2018-07-04 09:09:22.7861|Microsoft.AspNetCore.Hosting.Internal.WebHost|INFO|Request starting HTTP/1.1 DEBUG http://localhost:2548/  0 
2018-07-04 09:09:22.8251|Microsoft.AspNetCore.Hosting.Internal.WebHost|INFO|Request finished in 115.7801ms 500 text/html; charset=utf-8 
2018-07-04 09:09:22.8311|Microsoft.AspNetCore.Hosting.Internal.WebHost|INFO|Request finished in 115.7801ms 500 text/html; charset=utf-8 
2018-07-04 09:09:22.8311|Microsoft.AspNetCore.Server.Kestrel|ERROR|Connection id "0HLF19B3GRQQU", Request id "0HLF19B3GRQQU:00000001": An unhandled exception was thrown by the application. Cannot access a disposed object.
Object name: 'FrameResponseStream'.
2018-07-04 09:09:22.8701|Microsoft.AspNetCore.Server.Kestrel|ERROR|Connection id "0HLF19B3GRQQU", Request id "0HLF19B3GRQQU:00000001": An unhandled exception was thrown by the application. Cannot access a disposed object.
Object name: 'FrameResponseStream'.
2018-07-04 09:09:22.8741|Microsoft.AspNetCore.Hosting.Internal.WebHost|INFO|Request finished in 165.2607ms 500  
2018-07-04 09:09:22.8741|Microsoft.AspNetCore.Hosting.Internal.WebHost|INFO|Request finished in 165.2607ms 500  
2018-07-04 09:09:22.9061|Microsoft.AspNetCore.Hosting.Internal.WebHost|INFO|Request starting HTTP/1.1 GET http://localhost:2548/favicon.ico   
2018-07-04 09:09:22.9061|Microsoft.AspNetCore.Hosting.Internal.WebHost|INFO|Request starting HTTP/1.1 GET http://localhost:2548/favicon.ico   
2018-07-04 09:09:22.9311|Microsoft.AspNetCore.Hosting.Internal.WebHost|INFO|Request finished in 24.7853ms 500 text/html; charset=utf-8 
2018-07-04 09:09:22.9371|Microsoft.AspNetCore.Hosting.Internal.WebHost|INFO|Request finished in 24.7853ms 500 text/html; charset=utf-8 
2018-07-04 09:09:37.2249|Microsoft.AspNetCore.Hosting.Internal.WebHost|INFO|Request starting HTTP/1.1 GET http://localhost:2548/api/values   
2018-07-04 09:09:37.2409|Microsoft.AspNetCore.Hosting.Internal.WebHost|INFO|Request starting HTTP/1.1 GET http://localhost:2548/api/values   
2018-07-04 09:09:37.2809|Microsoft.AspNetCore.Hosting.Internal.WebHost|INFO|Request finished in 56.0573ms 500 text/html; charset=utf-8 
2018-07-04 09:09:37.4199|Microsoft.AspNetCore.Hosting.Internal.WebHost|INFO|Request finished in 56.0573ms 500 text/html; charset=utf-8 
2018-07-04 09:09:37.4409|Microsoft.AspNetCore.Hosting.Internal.WebHost|INFO|Request starting HTTP/1.1 GET http://localhost:2548/favicon.ico   
2018-07-04 09:09:37.4709|Microsoft.AspNetCore.Hosting.Internal.WebHost|INFO|Request starting HTTP/1.1 GET http://localhost:2548/favicon.ico   
2018-07-04 09:09:37.4899|Microsoft.AspNetCore.Hosting.Internal.WebHost|INFO|Request finished in 49.3908ms 500 text/html; charset=utf-8 
2018-07-04 09:09:37.4899|Microsoft.AspNetCore.Hosting.Internal.WebHost|INFO|Request finished in 49.3908ms 500 text/html; charset=utf-8 
2018-07-04 09:11:37.8748|Microsoft.AspNetCore.DataProtection.KeyManagement.XmlKeyManager|INFO|User profile is available. Using 'C:\Users\Administrator\AppData\Local\ASP.NET\DataProtection-Keys' as key repository and Windows DPAPI to encrypt keys at rest. 
2018-07-04 09:12:02.6652|Microsoft.AspNetCore.Hosting.Internal.WebHost|FATAL|Application startup exception Unable to resolve service for type 'Swashbuckle.AspNetCore.Swagger.ISwaggerProvider' while attempting to activate 'Swashbuckle.AspNetCore.Swagger.SwaggerMiddleware'.
2018-07-04 09:12:02.7132|Microsoft.AspNetCore.Hosting.Internal.WebHost|FATAL|Application startup exception Unable to resolve service for type 'Swashbuckle.AspNetCore.Swagger.ISwaggerProvider' while attempting to activate 'Swashbuckle.AspNetCore.Swagger.SwaggerMiddleware'.
2018-07-04 09:12:03.2242|Microsoft.AspNetCore.Hosting.Internal.WebHost|INFO|Request starting HTTP/1.1 DEBUG http://localhost:2548/  0 
2018-07-04 09:12:03.2242|Microsoft.AspNetCore.Hosting.Internal.WebHost|INFO|Request starting HTTP/1.1 GET http://localhost:2548/api/values   
2018-07-04 09:12:03.2702|Microsoft.AspNetCore.Hosting.Internal.WebHost|INFO|Request starting HTTP/1.1 GET http://localhost:2548/api/values   
2018-07-04 09:12:03.2732|Microsoft.AspNetCore.Hosting.Internal.WebHost|INFO|Request starting HTTP/1.1 DEBUG http://localhost:2548/  0 
2018-07-04 09:12:03.3202|Microsoft.AspNetCore.Hosting.Internal.WebHost|INFO|Request finished in 115.5568ms 500  
2018-07-04 09:12:03.3202|Microsoft.AspNetCore.Hosting.Internal.WebHost|INFO|Request finished in 115.5568ms 500  
2018-07-04 09:12:03.3202|Microsoft.AspNetCore.Server.Kestrel|ERROR|Connection id "0HLF19CJBBN4T", Request id "0HLF19CJBBN4T:00000001": An unhandled exception was thrown by the application. Cannot access a disposed object.
Object name: 'FrameResponseStream'.
2018-07-04 09:12:03.3852|Microsoft.AspNetCore.Server.Kestrel|ERROR|Connection id "0HLF19CJBBN4T", Request id "0HLF19CJBBN4T:00000001": An unhandled exception was thrown by the application. Cannot access a disposed object.
Object name: 'FrameResponseStream'.
2018-07-04 09:12:03.3852|Microsoft.AspNetCore.Hosting.Internal.WebHost|INFO|Request finished in 187.9402ms 500  
2018-07-04 09:12:03.4092|Microsoft.AspNetCore.Hosting.Internal.WebHost|INFO|Request finished in 187.9402ms 500  
2018-07-04 09:12:03.5172|Microsoft.AspNetCore.Hosting.Internal.WebHost|INFO|Request starting HTTP/1.1 GET http://localhost:2548/favicon.ico   
2018-07-04 09:12:03.5252|Microsoft.AspNetCore.Hosting.Internal.WebHost|INFO|Request starting HTTP/1.1 GET http://localhost:2548/favicon.ico   
2018-07-04 09:12:03.5532|Microsoft.AspNetCore.Hosting.Internal.WebHost|INFO|Request finished in 36.636ms 500 text/html; charset=utf-8 
2018-07-04 09:12:03.5532|Microsoft.AspNetCore.Hosting.Internal.WebHost|INFO|Request finished in 36.636ms 500 text/html; charset=utf-8 
2018-07-04 09:17:11.1848|Microsoft.AspNetCore.DataProtection.KeyManagement.XmlKeyManager|INFO|User profile is available. Using 'C:\Users\Administrator\AppData\Local\ASP.NET\DataProtection-Keys' as key repository and Windows DPAPI to encrypt keys at rest. 
2018-07-04 09:17:12.2029|Microsoft.AspNetCore.Hosting.Internal.WebHost|INFO|Request starting HTTP/1.1 DEBUG http://localhost:2548/  0 
2018-07-04 09:17:12.2029|Microsoft.AspNetCore.Hosting.Internal.WebHost|INFO|Request starting HTTP/1.1 GET http://localhost:2548/api/values   
2018-07-04 09:17:12.2499|Microsoft.AspNetCore.Hosting.Internal.WebHost|INFO|Request starting HTTP/1.1 DEBUG http://localhost:2548/  0 
2018-07-04 09:17:12.2499|Microsoft.AspNetCore.Hosting.Internal.WebHost|INFO|Request starting HTTP/1.1 GET http://localhost:2548/api/values   
2018-07-04 09:17:12.2769|Microsoft.AspNetCore.Hosting.Internal.WebHost|INFO|Request finished in 91.8675ms 200  
2018-07-04 09:17:12.2869|Microsoft.AspNetCore.Hosting.Internal.WebHost|INFO|Request finished in 91.8675ms 200  
2018-07-04 09:17:12.4409||INFO|IP:127.0.0.1 访问:/api/values 
2018-07-04 09:17:12.4409|Microsoft.AspNetCore.Mvc.Internal.ControllerActionInvoker|INFO|Executing action method WebDemo.Controllers.ValuesController.Get (WebDemo) with arguments ((null)) - ModelState is Valid 
2018-07-04 09:17:12.4539|Microsoft.AspNetCore.Mvc.Internal.ControllerActionInvoker|INFO|Executing action method WebDemo.Controllers.ValuesController.Get (WebDemo) with arguments ((null)) - ModelState is Valid 
2018-07-04 09:17:12.4669|Microsoft.AspNetCore.Mvc.Internal.ObjectResultExecutor|INFO|Executing ObjectResult, writing value Microsoft.AspNetCore.Mvc.ControllerContext. 
2018-07-04 09:17:12.4669|Microsoft.AspNetCore.Mvc.Internal.ObjectResultExecutor|INFO|Executing ObjectResult, writing value Microsoft.AspNetCore.Mvc.ControllerContext. 
2018-07-04 09:17:12.5079|Microsoft.AspNetCore.Mvc.Internal.ControllerActionInvoker|INFO|Executed action WebDemo.Controllers.ValuesController.Get (WebDemo) in 73.8324ms 
2018-07-04 09:17:12.5169|Microsoft.AspNetCore.Mvc.Internal.ControllerActionInvoker|INFO|Executed action WebDemo.Controllers.ValuesController.Get (WebDemo) in 73.8324ms 
2018-07-04 09:17:12.5169|Microsoft.AspNetCore.Hosting.Internal.WebHost|INFO|Request finished in 336.5373ms 200 application/json; charset=utf-8 
2018-07-04 09:17:12.5169|Microsoft.AspNetCore.Hosting.Internal.WebHost|INFO|Request finished in 336.5373ms 200 application/json; charset=utf-8 
2018-07-04 09:17:12.5409|Microsoft.AspNetCore.Hosting.Internal.WebHost|INFO|Request starting HTTP/1.1 GET http://localhost:2548/favicon.ico   
2018-07-04 09:17:12.5499|Microsoft.AspNetCore.Hosting.Internal.WebHost|INFO|Request starting HTTP/1.1 GET http://localhost:2548/favicon.ico   
2018-07-04 09:17:12.5499|Microsoft.AspNetCore.Hosting.Internal.WebHost|INFO|Request finished in 16.0421ms 404  
2018-07-04 09:17:12.5639|Microsoft.AspNetCore.Hosting.Internal.WebHost|INFO|Request finished in 16.0421ms 404  
2018-07-04 09:17:30.9750|Microsoft.AspNetCore.Hosting.Internal.WebHost|INFO|Request starting HTTP/1.1 GET http://localhost:2548/swagger   
2018-07-04 09:17:30.9860|Microsoft.AspNetCore.Hosting.Internal.WebHost|INFO|Request starting HTTP/1.1 GET http://localhost:2548/swagger   
2018-07-04 09:17:30.9860|Microsoft.AspNetCore.Hosting.Internal.WebHost|INFO|Request finished in 21.6435ms 301  
2018-07-04 09:17:31.0080|Microsoft.AspNetCore.Hosting.Internal.WebHost|INFO|Request finished in 21.6435ms 301  
2018-07-04 09:17:31.0080|Microsoft.AspNetCore.Hosting.Internal.WebHost|INFO|Request starting HTTP/1.1 GET http://localhost:2548/swagger/index.html   
2018-07-04 09:17:31.0190|Microsoft.AspNetCore.Hosting.Internal.WebHost|INFO|Request starting HTTP/1.1 GET http://localhost:2548/swagger/index.html   
2018-07-04 09:17:31.0190|Microsoft.AspNetCore.Hosting.Internal.WebHost|INFO|Request finished in 22.2246ms 200 text/html 
2018-07-04 09:17:31.0490|Microsoft.AspNetCore.Hosting.Internal.WebHost|INFO|Request finished in 22.2246ms 200 text/html 
2018-07-04 09:17:31.0940|Microsoft.AspNetCore.Hosting.Internal.WebHost|INFO|Request starting HTTP/1.1 GET http://localhost:2548/swagger/swagger-ui-standalone-preset.js   
2018-07-04 09:17:31.0940|Microsoft.AspNetCore.Hosting.Internal.WebHost|INFO|Request starting HTTP/1.1 GET http://localhost:2548/swagger/swagger-ui-bundle.js   
2018-07-04 09:17:31.0940|Microsoft.AspNetCore.Hosting.Internal.WebHost|INFO|Request starting HTTP/1.1 GET http://localhost:2548/swagger/swagger-ui.css   
2018-07-04 09:17:31.0940|Microsoft.AspNetCore.Hosting.Internal.WebHost|INFO|Request starting HTTP/1.1 GET http://localhost:2548/swagger/swagger-ui-standalone-preset.js   
2018-07-04 09:17:31.1300|Microsoft.AspNetCore.Hosting.Internal.WebHost|INFO|Request starting HTTP/1.1 GET http://localhost:2548/swagger/swagger-ui-bundle.js   
2018-07-04 09:17:31.1300|Microsoft.AspNetCore.Hosting.Internal.WebHost|INFO|Request starting HTTP/1.1 GET http://localhost:2548/swagger/swagger-ui.css   
2018-07-04 09:17:31.2100|Microsoft.AspNetCore.StaticFiles.StaticFileMiddleware|INFO|Sending file. Request path: '/swagger-ui.css'. Physical path: 'N/A' 
2018-07-04 09:17:31.2990|Microsoft.AspNetCore.StaticFiles.StaticFileMiddleware|INFO|Sending file. Request path: '/swagger-ui.css'. Physical path: 'N/A' 
2018-07-04 09:17:31.2990|Microsoft.AspNetCore.Hosting.Internal.WebHost|INFO|Request finished in 199.7171ms 200 text/css 
2018-07-04 09:17:31.2990|Microsoft.AspNetCore.StaticFiles.StaticFileMiddleware|INFO|Sending file. Request path: '/swagger-ui-standalone-preset.js'. Physical path: 'N/A' 
2018-07-04 09:17:31.3320|Microsoft.AspNetCore.Hosting.Internal.WebHost|INFO|Request finished in 199.7171ms 200 text/css 
2018-07-04 09:17:31.3320|Microsoft.AspNetCore.StaticFiles.StaticFileMiddleware|INFO|Sending file. Request path: '/swagger-ui-standalone-preset.js'. Physical path: 'N/A' 
2018-07-04 09:17:31.3440|Microsoft.AspNetCore.Hosting.Internal.WebHost|INFO|Request finished in 249.9013ms 200 application/javascript 
2018-07-04 09:17:31.3590|Microsoft.AspNetCore.Hosting.Internal.WebHost|INFO|Request finished in 249.9013ms 200 application/javascript 
2018-07-04 09:17:31.5050|Microsoft.AspNetCore.StaticFiles.StaticFileMiddleware|INFO|Sending file. Request path: '/swagger-ui-bundle.js'. Physical path: 'N/A' 
2018-07-04 09:17:31.5140|Microsoft.AspNetCore.StaticFiles.StaticFileMiddleware|INFO|Sending file. Request path: '/swagger-ui-bundle.js'. Physical path: 'N/A' 
2018-07-04 09:17:31.5140|Microsoft.AspNetCore.Hosting.Internal.WebHost|INFO|Request finished in 414.8035ms 200 application/javascript 
2018-07-04 09:17:31.5140|Microsoft.AspNetCore.Hosting.Internal.WebHost|INFO|Request finished in 414.8035ms 200 application/javascript 
2018-07-04 09:17:32.4731|Microsoft.AspNetCore.Hosting.Internal.WebHost|INFO|Request starting HTTP/1.1 GET http://localhost:2548/swagger/v1/swagger.json   
2018-07-04 09:17:32.4731|Microsoft.AspNetCore.Hosting.Internal.WebHost|INFO|Request starting HTTP/1.1 GET http://localhost:2548/swagger/v1/swagger.json   
2018-07-04 09:17:32.6041|Microsoft.AspNetCore.Hosting.Internal.WebHost|INFO|Request starting HTTP/1.1 GET http://localhost:2548/swagger/favicon-16x16.png   
2018-07-04 09:17:32.6291|Microsoft.AspNetCore.Hosting.Internal.WebHost|INFO|Request starting HTTP/1.1 GET http://localhost:2548/swagger/favicon-16x16.png   
2018-07-04 09:17:32.6291|Microsoft.AspNetCore.StaticFiles.StaticFileMiddleware|INFO|Sending file. Request path: '/favicon-16x16.png'. Physical path: 'N/A' 
2018-07-04 09:17:32.6621|Microsoft.AspNetCore.StaticFiles.StaticFileMiddleware|INFO|Sending file. Request path: '/favicon-16x16.png'. Physical path: 'N/A' 
2018-07-04 09:17:32.6621|Microsoft.AspNetCore.Hosting.Internal.WebHost|INFO|Request finished in 60.536ms 200 image/png 
2018-07-04 09:17:32.6771|Microsoft.AspNetCore.Hosting.Internal.WebHost|INFO|Request finished in 60.536ms 200 image/png 
2018-07-04 09:17:32.8521|Microsoft.AspNetCore.Hosting.Internal.WebHost|INFO|Request finished in 378.9826ms 200 application/json;charset=utf-8 
2018-07-04 09:17:32.8581|Microsoft.AspNetCore.Hosting.Internal.WebHost|INFO|Request finished in 378.9826ms 200 application/json;charset=utf-8 
2018-07-04 09:37:31.8627|Microsoft.AspNetCore.Hosting.Internal.WebHost|FATAL|Application startup exception The ConfigureServices method must either be parameterless or take only one parameter of type IServiceCollection.
2018-07-04 09:37:32.5177|Microsoft.AspNetCore.Hosting.Internal.WebHost|INFO|Request starting HTTP/1.1 DEBUG http://localhost:2548/  0 
2018-07-04 09:37:32.5177|Microsoft.AspNetCore.Hosting.Internal.WebHost|INFO|Request starting HTTP/1.1 GET http://localhost:2548/api/values   
2018-07-04 09:37:32.5877|Microsoft.AspNetCore.Hosting.Internal.WebHost|INFO|Request finished in 74.6646ms 500  
2018-07-04 09:37:32.6087|Microsoft.AspNetCore.Server.Kestrel|ERROR|Connection id "0HLF19QR3PGRR", Request id "0HLF19QR3PGRR:00000001": An unhandled exception was thrown by the application. Writing to the response body is invalid for responses with status code 500.
2018-07-04 09:37:32.6087|Microsoft.AspNetCore.Hosting.Internal.WebHost|INFO|Request finished in 99.291ms 500 text/html; charset=utf-8 
2018-07-04 09:47:36.1622|Microsoft.AspNetCore.Hosting.Internal.WebHost|INFO|Request starting HTTP/1.1 GET http://localhost:2548/api/values   
2018-07-04 09:47:36.1972|Microsoft.AspNetCore.Hosting.Internal.WebHost|INFO|Request finished in 34.8092ms 500 text/html; charset=utf-8 
2018-07-04 09:50:02.4996|Microsoft.AspNetCore.DataProtection.KeyManagement.XmlKeyManager|INFO|User profile is available. Using 'C:\Users\Administrator\AppData\Local\ASP.NET\DataProtection-Keys' as key repository and Windows DPAPI to encrypt keys at rest. 
2018-07-04 09:50:03.6307|Microsoft.AspNetCore.Hosting.Internal.WebHost|INFO|Request starting HTTP/1.1 DEBUG http://localhost:2548/  0 
2018-07-04 09:50:03.6307|Microsoft.AspNetCore.Hosting.Internal.WebHost|INFO|Request starting HTTP/1.1 GET http://localhost:2548/api/values   
2018-07-04 09:50:03.6787|Microsoft.AspNetCore.Hosting.Internal.WebHost|INFO|Request starting HTTP/1.1 GET http://localhost:2548/api/values   
2018-07-04 09:50:03.6857|Microsoft.AspNetCore.Hosting.Internal.WebHost|INFO|Request starting HTTP/1.1 DEBUG http://localhost:2548/  0 
2018-07-04 09:50:03.7057|Microsoft.AspNetCore.Hosting.Internal.WebHost|INFO|Request finished in 95.617ms 200  
2018-07-04 09:50:03.7117|Microsoft.AspNetCore.Hosting.Internal.WebHost|INFO|Request finished in 95.617ms 200  
2018-07-04 09:50:03.8727||INFO|IP:127.0.0.1 访问:/api/values 
2018-07-04 09:50:03.8727|Microsoft.AspNetCore.Mvc.Internal.ControllerActionInvoker|INFO|Executing action method WebDemo.Controllers.ValuesController.Get (WebDemo) with arguments ((null)) - ModelState is Valid 
2018-07-04 09:50:03.8857|Microsoft.AspNetCore.Mvc.Internal.ControllerActionInvoker|INFO|Executing action method WebDemo.Controllers.ValuesController.Get (WebDemo) with arguments ((null)) - ModelState is Valid 
2018-07-04 09:50:03.8857|Microsoft.AspNetCore.Mvc.Internal.ObjectResultExecutor|INFO|Executing ObjectResult, writing value Microsoft.AspNetCore.Mvc.ControllerContext. 
2018-07-04 09:50:03.9027|Microsoft.AspNetCore.Mvc.Internal.ObjectResultExecutor|INFO|Executing ObjectResult, writing value Microsoft.AspNetCore.Mvc.ControllerContext. 
2018-07-04 09:50:03.9347|Microsoft.AspNetCore.Mvc.Internal.ControllerActionInvoker|INFO|Executed action WebDemo.Controllers.ValuesController.Get (WebDemo) in 69.4148ms 
2018-07-04 09:50:03.9347|Microsoft.AspNetCore.Mvc.Internal.ControllerActionInvoker|INFO|Executed action WebDemo.Controllers.ValuesController.Get (WebDemo) in 69.4148ms 
2018-07-04 09:50:03.9467|Microsoft.AspNetCore.Hosting.Internal.WebHost|INFO|Request finished in 338.3685ms 200 application/json; charset=utf-8 
2018-07-04 09:50:04.0007|Microsoft.AspNetCore.Hosting.Internal.WebHost|INFO|Request finished in 338.3685ms 200 application/json; charset=utf-8 
2018-07-04 09:50:09.6620|Microsoft.AspNetCore.Hosting.Internal.WebHost|INFO|Request starting HTTP/1.1 GET http://localhost:2548/swagger/index.html   
2018-07-04 09:50:09.6760|Microsoft.AspNetCore.Hosting.Internal.WebHost|INFO|Request starting HTTP/1.1 GET http://localhost:2548/swagger/index.html   
2018-07-04 09:50:09.6920|Microsoft.AspNetCore.Hosting.Internal.WebHost|INFO|Request finished in 29.625ms 200 text/html 
2018-07-04 09:50:09.7540|Microsoft.AspNetCore.Hosting.Internal.WebHost|INFO|Request finished in 29.625ms 200 text/html 
2018-07-04 09:50:10.7021|Microsoft.AspNetCore.Hosting.Internal.WebHost|INFO|Request starting HTTP/1.1 GET http://localhost:2548/swagger/v1/swagger.json   
2018-07-04 09:50:10.7201|Microsoft.AspNetCore.Hosting.Internal.WebHost|INFO|Request starting HTTP/1.1 GET http://localhost:2548/swagger/v1/swagger.json   
2018-07-04 09:50:10.9391|Microsoft.AspNetCore.Hosting.Internal.WebHost|INFO|Request finished in 237.2195ms 200 application/json;charset=utf-8 
2018-07-04 09:50:10.9391|Microsoft.AspNetCore.Hosting.Internal.WebHost|INFO|Request finished in 237.2195ms 200 application/json;charset=utf-8 
2018-07-04 09:50:27.1120|Microsoft.AspNetCore.Hosting.Internal.WebHost|INFO|Request starting HTTP/1.1 GET http://localhost:2548/api/Test/add   
2018-07-04 09:50:27.1500|Microsoft.AspNetCore.Hosting.Internal.WebHost|INFO|Request starting HTTP/1.1 GET http://localhost:2548/api/Test/add   
2018-07-04 09:50:27.4710||INFO|IP:127.0.0.1 访问:/api/Test/add 
2018-07-04 09:50:27.4710|Microsoft.AspNetCore.Mvc.Internal.ControllerActionInvoker|INFO|Executing action method WebDemo.Controllers.TestController.Add (WebDemo) with arguments ((null)) - ModelState is Valid 
2018-07-04 09:50:27.4710|Microsoft.AspNetCore.Mvc.Internal.ControllerActionInvoker|INFO|Executing action method WebDemo.Controllers.TestController.Add (WebDemo) with arguments ((null)) - ModelState is Valid 
2018-07-04 09:50:27.5810||INFO|IP:127.0.0.1 调用 类:Add 方法:TestService 
2018-07-04 09:50:27.7660||INFO|IP:127.0.0.1 调用 类:Add 方法:TestService 成功 
2018-07-04 09:50:28.0101|Microsoft.AspNetCore.Mvc.Internal.ObjectResultExecutor|INFO|Executing ObjectResult, writing value Microsoft.AspNetCore.Mvc.ControllerContext. 
2018-07-04 09:50:28.0101|Microsoft.AspNetCore.Mvc.Internal.ObjectResultExecutor|INFO|Executing ObjectResult, writing value Microsoft.AspNetCore.Mvc.ControllerContext. 
2018-07-04 09:50:28.0231|Microsoft.AspNetCore.Mvc.Internal.ControllerActionInvoker|INFO|Executed action WebDemo.Controllers.TestController.Add (WebDemo) in 862.3402ms 
2018-07-04 09:50:28.0231|Microsoft.AspNetCore.Mvc.Internal.ControllerActionInvoker|INFO|Executed action WebDemo.Controllers.TestController.Add (WebDemo) in 862.3402ms 
2018-07-04 09:50:28.0231|Microsoft.AspNetCore.Hosting.Internal.WebHost|INFO|Request finished in 918.4262ms 200 application/json; charset=utf-8 
2018-07-04 09:50:28.0361|Microsoft.AspNetCore.Hosting.Internal.WebHost|INFO|Request finished in 918.4262ms 200 application/json; charset=utf-8 
2018-07-04 09:50:41.1928|Microsoft.AspNetCore.Hosting.Internal.WebHost|INFO|Request starting HTTP/1.1 GET http://localhost:2548/api/Test/get   
2018-07-04 09:50:41.2238|Microsoft.AspNetCore.Hosting.Internal.WebHost|INFO|Request starting HTTP/1.1 GET http://localhost:2548/api/Test/get   
2018-07-04 09:50:41.2378||INFO|IP:127.0.0.1 访问:/api/Test/get 
2018-07-04 09:50:41.2378|Microsoft.AspNetCore.Mvc.Internal.ControllerActionInvoker|INFO|Executing action method WebDemo.Controllers.TestController.Get (WebDemo) with arguments ((null)) - ModelState is Valid 
2018-07-04 09:50:41.2768|Microsoft.AspNetCore.Mvc.Internal.ControllerActionInvoker|INFO|Executing action method WebDemo.Controllers.TestController.Get (WebDemo) with arguments ((null)) - ModelState is Valid 
2018-07-04 09:50:41.2768||INFO|IP:127.0.0.1 调用 类:Get 方法:TestService 
2018-07-04 09:50:41.7418||INFO|IP:127.0.0.1 调用 类:Get 方法:TestService 成功 
2018-07-04 09:50:41.7448|Microsoft.AspNetCore.Mvc.Internal.ObjectResultExecutor|INFO|Executing ObjectResult, writing value Microsoft.AspNetCore.Mvc.ControllerContext. 
2018-07-04 09:50:41.7448|Microsoft.AspNetCore.Mvc.Internal.ObjectResultExecutor|INFO|Executing ObjectResult, writing value Microsoft.AspNetCore.Mvc.ControllerContext. 
2018-07-04 09:50:41.7448|Microsoft.AspNetCore.Mvc.Internal.ControllerActionInvoker|INFO|Executed action WebDemo.Controllers.TestController.Get (WebDemo) in 522.3359ms 
2018-07-04 09:50:41.7448|Microsoft.AspNetCore.Mvc.Internal.ControllerActionInvoker|INFO|Executed action WebDemo.Controllers.TestController.Get (WebDemo) in 522.3359ms 
2018-07-04 09:50:41.7618|Microsoft.AspNetCore.Hosting.Internal.WebHost|INFO|Request finished in 569.041ms 200 application/json; charset=utf-8 
2018-07-04 09:50:41.7618|Microsoft.AspNetCore.Hosting.Internal.WebHost|INFO|Request finished in 569.041ms 200 application/json; charset=utf-8 
2018-07-04 10:19:23.2653|Microsoft.AspNetCore.DataProtection.KeyManagement.XmlKeyManager|INFO|User profile is available. Using 'C:\Users\Administrator\AppData\Local\ASP.NET\DataProtection-Keys' as key repository and Windows DPAPI to encrypt keys at rest. 
2018-07-04 10:19:24.4334|Microsoft.AspNetCore.Hosting.Internal.WebHost|INFO|Request starting HTTP/1.1 GET http://localhost:2548/api/values   
2018-07-04 10:19:24.4334|Microsoft.AspNetCore.Hosting.Internal.WebHost|INFO|Request starting HTTP/1.1 DEBUG http://localhost:2548/  0 
2018-07-04 10:19:24.4854|Microsoft.AspNetCore.Hosting.Internal.WebHost|INFO|Request starting HTTP/1.1 DEBUG http://localhost:2548/  0 
2018-07-04 10:19:24.4854|Microsoft.AspNetCore.Hosting.Internal.WebHost|INFO|Request starting HTTP/1.1 GET http://localhost:2548/api/values   
2018-07-04 10:19:24.5184|Microsoft.AspNetCore.Hosting.Internal.WebHost|INFO|Request finished in 106.5242ms 200  
2018-07-04 10:19:24.5184|Microsoft.AspNetCore.Hosting.Internal.WebHost|INFO|Request finished in 106.5242ms 200  
2018-07-04 10:19:24.7044||INFO|IP:127.0.0.1 访问:/api/values 
2018-07-04 10:19:24.7144|Microsoft.AspNetCore.Mvc.Internal.ControllerActionInvoker|INFO|Executing action method WebDemo.Controllers.ValuesController.Get (WebDemo) with arguments ((null)) - ModelState is Valid 
2018-07-04 10:19:24.7144|Microsoft.AspNetCore.Mvc.Internal.ControllerActionInvoker|INFO|Executing action method WebDemo.Controllers.ValuesController.Get (WebDemo) with arguments ((null)) - ModelState is Valid 
2018-07-04 10:19:24.7384|Microsoft.AspNetCore.Mvc.Internal.ObjectResultExecutor|INFO|Executing ObjectResult, writing value Microsoft.AspNetCore.Mvc.ControllerContext. 
2018-07-04 10:19:24.7474|Microsoft.AspNetCore.Mvc.Internal.ObjectResultExecutor|INFO|Executing ObjectResult, writing value Microsoft.AspNetCore.Mvc.ControllerContext. 
2018-07-04 10:19:24.7804|Microsoft.AspNetCore.Mvc.Internal.ControllerActionInvoker|INFO|Executed action WebDemo.Controllers.ValuesController.Get (WebDemo) in 82.9845ms 
2018-07-04 10:19:24.8234|Microsoft.AspNetCore.Mvc.Internal.ControllerActionInvoker|INFO|Executed action WebDemo.Controllers.ValuesController.Get (WebDemo) in 82.9845ms 
2018-07-04 10:19:24.8234|Microsoft.AspNetCore.Hosting.Internal.WebHost|INFO|Request finished in 417.5754ms 200 application/json; charset=utf-8 
2018-07-04 10:19:24.8744|Microsoft.AspNetCore.Hosting.Internal.WebHost|INFO|Request finished in 417.5754ms 200 application/json; charset=utf-8 
2018-07-04 10:19:58.3823|Microsoft.AspNetCore.Hosting.Internal.WebHost|INFO|Request starting HTTP/1.1 GET http://localhost:2548/swagger/index.html   
2018-07-04 10:19:58.3953|Microsoft.AspNetCore.Hosting.Internal.WebHost|INFO|Request starting HTTP/1.1 GET http://localhost:2548/swagger/index.html   
2018-07-04 10:19:58.4113|Microsoft.AspNetCore.Hosting.Internal.WebHost|INFO|Request finished in 29.0764ms 200 text/html 
2018-07-04 10:19:58.5073|Microsoft.AspNetCore.Hosting.Internal.WebHost|INFO|Request finished in 29.0764ms 200 text/html 
2018-07-04 10:19:59.4404|Microsoft.AspNetCore.Hosting.Internal.WebHost|INFO|Request starting HTTP/1.1 GET http://localhost:2548/swagger/v1/swagger.json   
2018-07-04 10:19:59.4404|Microsoft.AspNetCore.Hosting.Internal.WebHost|INFO|Request starting HTTP/1.1 GET http://localhost:2548/swagger/v1/swagger.json   
2018-07-04 10:19:59.6904|Microsoft.AspNetCore.Hosting.Internal.WebHost|INFO|Request finished in 250.6743ms 200 application/json;charset=utf-8 
2018-07-04 10:19:59.6904|Microsoft.AspNetCore.Hosting.Internal.WebHost|INFO|Request finished in 250.6743ms 200 application/json;charset=utf-8 
